2023-05-02 20:25:21,796 [Criticial]Routing is not complete. Please check source code.
2023-05-02 20:25:21,797 _process_command: set ['page'] {'windowframeless': 'true', 'windowheight': '345', 'windowminimized': 'false', 'windowresizable': 'false', 'windowwidth': '500'}
2023-05-02 20:25:21,797 _process_command: remove ['_1'] {}
2023-05-02 20:25:21,797 __send: {"action":"pageControlsBatch","payload":[{"action":"updateControlProps","payload":{"props":[{"i":"page","windowframeless":"true","windowheight":"345","windowminimized":"false","windowresizable":"false","windowwidth":"500"}]}},{"action":"removeControl","payload":{"ids":["_1"]}}]}
2023-05-02 20:25:21,797 Sent: 283
2023-05-02 20:25:21,815 _process_command: add [] {'to': 'page', 'at': '0'}
2023-05-02 20:25:21,816 _process_command: add [] {'to': 'page', 'at': '1'}
2023-05-02 20:25:21,816 _process_command: add [] {'to': 'page', 'at': '2'}
2023-05-02 20:25:21,817 __send: {"action":"pageControlsBatch","payload":[{"action":"addPageControls","payload":{"controls":[{"t":"view","i":"_4","p":"page","c":["_5","_17"],"at":"0","bgcolor":"#EAF4F9","padding":"0","route":"/dashboard","spacing":"0"},{"t":"row","i":"_5","p":"_4","c":["_6","_7","_11","_13","_16"],"spacing":"0"},{"t":"container","i":"_6","p":"_5","c":[],"bgcolor":"#0C5473","height":"40","width":"100"},{"t":"container","i":"_7","p":"_5","c":["_8"],"bgcolor":"#FFFFFF","height":"40","padding":"{\"l\":13,\"t\":0,\"r\":0,\"b\":0}","width":"300"},{"t":"row","i":"_8","p":"_7","c":["_9","_10"],"n":"content"},{"t":"text","i":"_9","p":"_8","c":[],"color":"#000000","style":"labelLarge","value":"Activate Simulation"},{"t":"switch","i":"_10","p":"_8","c":[],"activecolor":"0C5473","activetrackcolor":"#F6F6F6","inactivethumbcolor":"#559FBF","inactivetrackcolor":"#FFFFFF","value":"false"},{"t":"container","i":"_11","p":"_5","c":["_12"],"bgcolor":"#FFFFFF","height":"40","padding":"{\"l\":250,\"t\":5,\"r\":0,\"b\":0}","width":"800"},{"t":"text","i":"_12","p":"_11","c":[],"color":"#000000","n":"content","style":"titleSmall","value":"Roscri Studio"},{"t":"container","i":"_13","p":"_5","c":["_14"],"bgcolor":"#FFFFFF","height":"40","padding":"{\"l\":80,\"t\":0,\"r\":0,\"b\":0}","width":"120"},{"t":"row","i":"_14","p":"_13","c":["_15"],"n":"content"},{"t":"icon","i":"_15","p":"_14","c":[],"color":"#0C5473","name":"close_fullscreen_outlined","size":"18"},{"t":"container","i":"_16","p":"_5","c":[],"bgcolor":"#FD5454","expand":"1","height":"40","imagesrc":"C://Users//jacob//Documents//Python//Roscri-Studio//img//Exit.png","onclick":"true","width":"130"},{"t":"row","i":"_17","p":"_4","c":["_18"],"alignment":"center"},{"t":"container","i":"_18","p":"_17","c":["_19"],"bgcolor":"#EAF4F9","borderradius":"{\"bl\":10,\"br\":10,\"tl\":10,\"tr\":10}","height":"670","margin":"{\"l\":30,\"t\":0,\"r\":25,\"b\":0}","width":"1300"},{"t":"row","i":"_19","p":"_18","c":["_20","_57","_68"],"n":"content"},{"t":"row","i":"_20","p":"_19","c":["_21"],"spacing":"0"},{"t":"container","i":"_21","p":"_20","c":["_22"],"bgcolor":"#0C5473","borderradius":"{\"bl\":15,\"br\":15,\"tl\":15,\"tr\":15}","height":"620","padding":"{\"l\":5,\"t\":5,\"r\":5,\"b\":5}","width":"80"},{"t":"column","i":"_22","p":"_21","c":["_23","_24","_28","_30","_34","_36","_40","_42","_46","_48","_49","_52"],"n":"content"},{"t":"container","i":"_23","p":"_22","c":[],"bgcolor":"#0C5473","height":"20","width":"70"},{"t":"container","i":"_24","p":"_22","c":["_25"],"height":"55","onclick":"true","width":"70"},{"t":"row","i":"_25","p":"_24","c":["_26","_27"],"alignment":"center","n":"content"},{"t":"icon","i":"_26","p":"_25","c":[],"color":"#FFFFFF","name":"home_rounded","size":"28"},{"t":"container","i":"_27","p":"_25","c":[],"bgcolor":"#FFFFFF","height":"45","visible":"true","width":"3"},{"t":"row","i":"_28","p":"_22","c":["_29"],"alignment":"center"},{"t":"text","i":"_29","p":"_28","c":[],"size":"11","value":"Overview"},{"t":"container","i":"_30","p":"_22","c":["_31"],"height":"55","onclick":"true","width":"70"},{"t":"row","i":"_31","p":"_30","c":["_32","_33"],"alignment":"center","n":"content"},{"t":"icon","i":"_32","p":"_31","c":[],"color":"#EBEBEB","name":"devices_fold_rounded","size":"20"},{"t":"container","i":"_33","p":"_31","c":[],"bgcolor":"#FFFFFF","height":"45","visible":"false","width":"3"},{"t":"row","i":"_34","p":"_22","c":["_35"],"alignment":"center"},{"t":"text","i":"_35","p":"_34","c":[],"size":"11","value":"Program"},{"t":"container","i":"_36","p":"_22","c":["_37"],"height":"55","onclick":"true","width":"70"},{"t":"row","i":"_37","p":"_36","c":["_38","_39"],"alignment":"center","n":"content"},{"t":"icon","i":"_38","p":"_37","c":[],"color":"#EBEBEB","name":"settings_sharp","size":"20"},{"t":"container","i":"_39","p":"_37","c":[],"bgcolor":"#FFFFFF","height":"45","visible":"false","width":"3"},{"t":"row","i":"_40","p":"_22","c":["_41"],"alignment":"center"},{"t":"text","i":"_41","p":"_40","c":[],"size":"11","value":"Settings"},{"t":"container","i":"_42","p":"_22","c":["_43"],"height":"55","onclick":"true","width":"70"},{"t":"row","i":"_43","p":"_42","c":["_44","_45"],"alignment":"center","n":"content"},{"t":"icon","i":"_44","p":"_43","c":[],"color":"#EBEBEB","name":"devices_outlined","size":"20"},{"t":"container","i":"_45","p":"_43","c":[],"bgcolor":"#FFFFFF","height":"45","visible":"false","width":"3"},{"t":"row","i":"_46","p":"_22","c":["_47"],"alignment":"center"},{"t":"text","i":"_47","p":"_46","c":[],"size":"11","value":"Devices"},{"t":"container","i":"_48","p":"_22","c":[],"bgcolor":"#0C5473","height":"55","width":"70"},{"t":"container","i":"_49","p":"_22","c":["_50"],"height":"65","onclick":"true","width":"70"},{"t":"row","i":"_50","p":"_49","c":["_51"],"alignment":"center","n":"content"},{"t":"image","i":"_51","p":"_50","c":[],"fit":"contain","height":"40","src":"C://Users//jacob//Documents//Python//Roscri-Studio//img//group.png","width":"40"},{"t":"container","i":"_52","p":"_22","c":["_53"],"height":"70","onclick":"true","width":"70"},{"t":"row","i":"_53","p":"_52","c":["_54"],"alignment":"center","n":"content"},{"t":"container","i":"_54","p":"_53","c":["_55"],"height":"45","width":"50"},{"t":"column","i":"_55","p":"_54","c":["_56"],"n":"content"},{"t":"icon","i":"_56","p":"_55","c":[],"color":"#EBEBEB","name":"support_agent_sharp","size":"20"},{"t":"container","i":"_57","p":"_19","c":["_58"],"bgcolor":"#FFFFFF","borderradius":"{\"bl\":15,\"br\":15,\"tl\":15,\"tr\":15}","height":"620","width":"1200"},{"t":"row","i":"_58","p":"_57","c":["_59","_67"],"alignment":"spaceEvenly","n":"content"},{"t":"container","i":"_59","p":"_58","c":["_60"],"height":"600","width":"550"},{"t":"column","i":"_60","p":"_59","c":["_61","_65","_66"],"alignment":"spaceEvenly","n":"content"},{"t":"container","i":"_61","p":"_60","c":["_62"],"borderradius":"{\"bl\":15,\"br\":15,\"tl\":15,\"tr\":15}","gradient":"{\"colors\":[\"0xff0C5473\",\"0xff6695A9\"],\"tile_mode\":\"mirror\",\"begin\":{\"x\":-1,\"y\":-1},\"end\":{\"x\":0.8,\"y\":1},\"type\":\"linear\"}","height":"220","padding":"{\"l\":15,\"t\":15,\"r\":15,\"b\":15}","width":"550"},{"t":"column","i":"_62","p":"_61","c":["_63","_64"],"n":"content"},{"t":"text","i":"_63","p":"_62","c":[],"color":"#FFFFFF","size":"13","style":"titleMedium","value":"Hey there."},{"t":"text","i":"_64","p":"_62","c":[],"color":"#FFFFFF","size":"25","style":"titleMedium","value":"JacobPC"},{"t":"text","i":"_65","p":"_60","c":[],"color":"#000000","size":"15","style":"titleMedium","value":"Netwok Ping Status"},{"t":"container","i":"_66","p":"_60","c":[],"bgcolor":"#000000","height":"300","width":"550"},{"t":"container","i":"_67","p":"_58","c":[],"bgcolor":"#000000","height":"570","width":"550"},{"t":"progressring","i":"_68","p":"_19","c":[]}],"trimIDs":[]}},{"action":"addPageControls","payload":{"controls":[{"t":"view","i":"_69","p":"page","c":["_70","_82"],"at":"1","bgcolor":"#EAF4F9","padding":"0","route":"/home","spacing":"0"},{"t":"row","i":"_70","p":"_69","c":["_71","_72","_76","_78","_81"],"spacing":"0"},{"t":"container","i":"_71","p":"_70","c":[],"bgcolor":"#0C5473","height":"40","width":"100"},{"t":"container","i":"_72","p":"_70","c":["_73"],"bgcolor":"#FFFFFF","height":"40","padding":"{\"l\":13,\"t\":0,\"r\":0,\"b\":0}","width":"300"},{"t":"row","i":"_73","p":"_72","c":["_74","_75"],"n":"content"},{"t":"text","i":"_74","p":"_73","c":[],"color":"#000000","style":"labelLarge","value":"Activate Simulation"},{"t":"switch","i":"_75","p":"_73","c":[],"activecolor":"0C5473","activetrackcolor":"#F6F6F6","inactivethumbcolor":"#559FBF","inactivetrackcolor":"#FFFFFF","value":"false"},{"t":"container","i":"_76","p":"_70","c":["_77"],"bgcolor":"#FFFFFF","height":"40","padding":"{\"l\":250,\"t\":5,\"r\":0,\"b\":0}","width":"800"},{"t":"text","i":"_77","p":"_76","c":[],"color":"#000000","n":"content","style":"titleSmall","value":"Roscri Studio"},{"t":"container","i":"_78","p":"_70","c":["_79"],"bgcolor":"#FFFFFF","height":"40","padding":"{\"l\":80,\"t\":0,\"r\":0,\"b\":0}","width":"120"},{"t":"row","i":"_79","p":"_78","c":["_80"],"n":"content"},{"t":"icon","i":"_80","p":"_79","c":[],"color":"#0C5473","name":"close_fullscreen_outlined","size":"18"},{"t":"container","i":"_81","p":"_70","c":[],"bgcolor":"#FD5454","expand":"1","height":"40","imagesrc":"C://Users//jacob//Documents//Python//Roscri-Studio//img//Exit.png","onclick":"true","width":"130"},{"t":"row","i":"_82","p":"_69","c":["_83"]},{"t":"container","i":"_83","p":"_82","c":["_84"],"bgcolor":"#EAF4F9","borderradius":"{\"bl\":10,\"br\":10,\"tl\":10,\"tr\":10}","height":"670","margin":"{\"l\":30,\"t\":0,\"r\":25,\"b\":0}","width":"1300"},{"t":"row","i":"_84","p":"_83","c":["_85","_94"],"alignment":"center","n":"content"},{"t":"container","i":"_85","p":"_84","c":["_86"],"borderradius":"15","height":"600","imagefit":"cover","imagesrc":"C://Users//jacob//Documents//Python//Roscri-Studio//img//home_bg.jpeg","padding":"{\"l\":0,\"t\":0,\"r\":20,\"b\":0}","visible":"true","width":"1100"},{"t":"row","i":"_86","p":"_85","c":["_87"],"alignment":"end","n":"content"},{"t":"container","i":"_87","p":"_86","c":["_88"],"bgcolor":"#0C5473","borderradius":"15","height":"500","padding":"{\"l\":20,\"t\":0,\"r\":20,\"b\":0}","width":"400"},{"t":"column","i":"_88","p":"_87","c":["_89","_90","_91","_92","_93"],"alignment":"spaceEvenly","n":"content","spacing":"0"},{"t":"text","i":"_89","p":"_88","c":[],"size":"30","style":"titleSmall","value":"Welcome to Roscri"},{"t":"text","i":"_90","p":"_88","c":[],"size":"15","value":"Connect your UR Arm"},{"t":"textfield","i":"_91","p":"_88","c":[],"autofocus":"true","bordercolor":"#FFFFFF","hinttext":"Please enter IP address here","label":"IP Address","visible":"true"},{"t":"textfield","i":"_92","p":"_88","c":[],"bordercolor":"#FFFFFF","hinttext":"Port","label":"Port No."},{"t":"outlinedbutton","i":"_93","p":"_88","c":[],"text":"Connect Now"},{"t":"progressring","i":"_94","p":"_84","c":[],"color":"#0C5473","height":"30","strokewidth":"2","visible":"false","width":"30"}],"trimIDs":[]}},{"action":"addPageControls","payload":{"controls":[{"t":"view","i":"_95","p":"page","c":["_96"],"at":"2","bgcolor":"#0C5473","padding":"0","route":"splash","spacing":"0"},{"t":"column","i":"_96","p":"_95","c":["_97"],"expand":"1"},{"t":"container","i":"_97","p":"_96","c":["_98"],"bgcolor":"#0C5473","expand":"1","height":"370","imagefit":"contain","imagesrc":"C://Users//jacob//Documents//Python//Roscri-Studio//img//ss.png","width":"500"},{"t":"column","i":"_98","p":"_97","c":["_99","_103"],"n":"content"},{"t":"container","i":"_99","p":"_98","c":["_100"],"height":"260","padding":"{\"l\":25,\"t\":70,\"r\":0,\"b\":0}","width":"500"},{"t":"column","i":"_100","p":"_99","c":["_101","_102"],"alignment":"center","expand":"1","n":"content"},{"t":"text","i":"_101","p":"_100","c":[],"color":"#FFFFFF","selectable":"false","style":"displaySmall","value":"Roscri Stduio","weight":"bold"},{"t":"text","i":"_102","p":"_100","c":[],"color":"#FFFFFF","selectable":"false","style":"bodyMedium","value":"Robotic Additive Simulator"},{"t":"container","i":"_103","p":"_98","c":["_104"],"height":"90","padding":"{\"l\":25,\"t\":0,\"r\":0,\"b\":0}","width":"500"},{"t":"column","i":"_104","p":"_103","c":["_105"],"alignment":"start","expand":"1","n":"content"},{"t":"elevatedbutton","i":"_105","p":"_104","c":[],"icon":"navigate_next_rounded","style":"{\"color\":{\"\":\"#FFFFFF\"},\"bgcolor\":{\"\":\"#0C5473\"}}","text":"Get Started"}],"trimIDs":[]}}]}
2023-05-02 20:25:21,824 Sent: 11509
2023-05-02 20:25:21,827 Harmless debug Message
2023-05-02 20:25:21,827 Just an information
2023-05-02 20:25:21,828 Its a Warning
2023-05-02 20:25:21,828 Did you try to divide by zero
2023-05-02 20:25:21,828 Internet is down
2023-05-02 20:25:21,879 Message size: 96
2023-05-02 20:25:21,880 _on_message: {"action":"pageEventFromWeb","payload":{"eventTarget":"_91","eventName":"focus","eventData":""}}
2023-05-02 20:25:21,880 page.on_event: _91 focus 
2023-05-02 20:25:22,136 Message size: 95
2023-05-02 20:25:22,137 _on_message: {"action":"pageEventFromWeb","payload":{"eventTarget":"_91","eventName":"blur","eventData":""}}
2023-05-02 20:25:22,138 page.on_event: _91 blur 
2023-05-02 20:25:22,159 Message size: 404
2023-05-02 20:25:22,159 _on_message: {"action":"updateControlProps","payload":{"props":[{"i":"page","width":"500.0"},{"i":"page","height":"346.0"},{"i":"page","windowwidth":"500.0"},{"i":"page","windowheight":"345.0"},{"i":"page","windowtop":"191.0"},{"i":"page","windowleft":"433.0"},{"i":"page","windowminimized":"false"},{"i":"page","windowmaximized":"false"},{"i":"page","windowfocused":"true"},{"i":"page","windowfullscreen":"false"}]}}
2023-05-02 20:25:22,160 page.on_event: page change [{"i":"page","width":"500.0"},{"i":"page","height":"346.0"},{"i":"page","windowwidth":"500.0"},{"i":"page","windowheight":"345.0"},{"i":"page","windowtop":"191.0"},{"i":"page","windowleft":"433.0"},{"i":"page","windowminimized":"false"},{"i":"page","windowmaximized":"false"},{"i":"page","windowfocused":"true"},{"i":"page","windowfullscreen":"false"}]
2023-05-02 20:25:22,160 Message size: 109
2023-05-02 20:25:22,160 _on_message: {"action":"pageEventFromWeb","payload":{"eventTarget":"page","eventName":"resize","eventData":"500.0,346.0"}}
2023-05-02 20:25:22,161 page.on_event: page resize 500.0,346.0
2023-05-02 20:29:21,843 Message size: 97
2023-05-02 20:29:21,843 _on_message: {"action":"pageEventFromWeb","payload":{"eventTarget":"_105","eventName":"click","eventData":""}}
2023-05-02 20:29:21,844 page.on_event: _105 click 
2023-05-02 20:29:21,851 _process_command: set ['page'] {'windowvisible': 'false'}
2023-05-02 20:29:21,851 __send: {"action":"pageControlsBatch","payload":[{"action":"updateControlProps","payload":{"props":[{"i":"page","windowvisible":"false"}]}}]}
2023-05-02 20:29:21,851 Sent: 137
2023-05-02 20:29:21,874 Message size: 346
2023-05-02 20:29:21,874 _on_message: {"action":"updateControlProps","payload":{"props":[{"i":"page","windowwidth":"500.0"},{"i":"page","windowheight":"345.0"},{"i":"page","windowtop":"191.0"},{"i":"page","windowleft":"433.0"},{"i":"page","windowminimized":"false"},{"i":"page","windowmaximized":"false"},{"i":"page","windowfocused":"false"},{"i":"page","windowfullscreen":"false"}]}}
2023-05-02 20:29:21,907 page.on_event: page change [{"i":"page","windowwidth":"500.0"},{"i":"page","windowheight":"345.0"},{"i":"page","windowtop":"191.0"},{"i":"page","windowleft":"433.0"},{"i":"page","windowminimized":"false"},{"i":"page","windowmaximized":"false"},{"i":"page","windowfocused":"false"},{"i":"page","windowfullscreen":"false"}]
2023-05-02 20:29:21,907 Message size: 108
2023-05-02 20:29:21,907 _on_message: {"action":"pageEventFromWeb","payload":{"eventTarget":"page","eventName":"window_event","eventData":"hide"}}
2023-05-02 20:29:21,966 page.on_event: page window_event hide
2023-05-02 20:29:21,967 Message size: 346
2023-05-02 20:29:21,967 _on_message: {"action":"updateControlProps","payload":{"props":[{"i":"page","windowwidth":"500.0"},{"i":"page","windowheight":"345.0"},{"i":"page","windowtop":"191.0"},{"i":"page","windowleft":"433.0"},{"i":"page","windowminimized":"false"},{"i":"page","windowmaximized":"false"},{"i":"page","windowfocused":"false"},{"i":"page","windowfullscreen":"false"}]}}
2023-05-02 20:29:21,995 page.on_event: page change [{"i":"page","windowwidth":"500.0"},{"i":"page","windowheight":"345.0"},{"i":"page","windowtop":"191.0"},{"i":"page","windowleft":"433.0"},{"i":"page","windowminimized":"false"},{"i":"page","windowmaximized":"false"},{"i":"page","windowfocused":"false"},{"i":"page","windowfullscreen":"false"}]
2023-05-02 20:29:21,995 Message size: 108
2023-05-02 20:29:21,995 _on_message: {"action":"pageEventFromWeb","payload":{"eventTarget":"page","eventName":"window_event","eventData":"blur"}}
2023-05-02 20:29:22,003 page.on_event: page window_event blur
2023-05-02 20:29:23,856 _process_command: set ['page'] {'route': '/home', 'windowmaximized': 'true', 'windowvisible': 'true'}
2023-05-02 20:29:23,856 _process_command: remove ['_4', '_69', '_95'] {}
2023-05-02 20:29:23,856 __send: {"action":"pageControlsBatch","payload":[{"action":"updateControlProps","payload":{"props":[{"i":"page","route":"/home","windowmaximized":"true","windowvisible":"true"}]}},{"action":"removeControl","payload":{"ids":["_4","_69","_95"]}}]}
2023-05-02 20:29:23,856 Sent: 241
2023-05-02 20:29:23,857 [Criticial]Routing is not complete. Please check source code.
2023-05-02 20:29:23,860 _process_command: add [] {'to': 'page', 'at': '0'}
2023-05-02 20:29:23,860 __send: {"action":"pageControlsBatch","payload":[{"action":"addPageControls","payload":{"controls":[{"t":"view","i":"_69","p":"page","c":["_70","_82"],"at":"0","bgcolor":"#EAF4F9","padding":"0","route":"/home","spacing":"0"},{"t":"row","i":"_70","p":"_69","c":["_71","_72","_76","_78","_81"],"spacing":"0"},{"t":"container","i":"_71","p":"_70","c":[],"bgcolor":"#0C5473","height":"40","width":"100"},{"t":"container","i":"_72","p":"_70","c":["_73"],"bgcolor":"#FFFFFF","height":"40","padding":"{\"l\":13,\"t\":0,\"r\":0,\"b\":0}","width":"300"},{"t":"row","i":"_73","p":"_72","c":["_74","_75"],"n":"content"},{"t":"text","i":"_74","p":"_73","c":[],"color":"#000000","style":"labelLarge","value":"Activate Simulation"},{"t":"switch","i":"_75","p":"_73","c":[],"activecolor":"0C5473","activetrackcolor":"#F6F6F6","inactivethumbcolor":"#559FBF","inactivetrackcolor":"#FFFFFF","value":"false"},{"t":"container","i":"_76","p":"_70","c":["_77"],"bgcolor":"#FFFFFF","height":"40","padding":"{\"l\":250,\"t\":5,\"r\":0,\"b\":0}","width":"800"},{"t":"text","i":"_77","p":"_76","c":[],"color":"#000000","n":"content","style":"titleSmall","value":"Roscri Studio"},{"t":"container","i":"_78","p":"_70","c":["_79"],"bgcolor":"#FFFFFF","height":"40","padding":"{\"l\":80,\"t\":0,\"r\":0,\"b\":0}","width":"120"},{"t":"row","i":"_79","p":"_78","c":["_80"],"n":"content"},{"t":"icon","i":"_80","p":"_79","c":[],"color":"#0C5473","name":"close_fullscreen_outlined","size":"18"},{"t":"container","i":"_81","p":"_70","c":[],"bgcolor":"#FD5454","expand":"1","height":"40","imagesrc":"C://Users//jacob//Documents//Python//Roscri-Studio//img//Exit.png","onclick":"true","width":"130"},{"t":"row","i":"_82","p":"_69","c":["_83"]},{"t":"container","i":"_83","p":"_82","c":["_84"],"bgcolor":"#EAF4F9","borderradius":"{\"bl\":10,\"br\":10,\"tl\":10,\"tr\":10}","height":"670","margin":"{\"l\":30,\"t\":0,\"r\":25,\"b\":0}","width":"1300"},{"t":"row","i":"_84","p":"_83","c":["_85","_94"],"alignment":"center","n":"content"},{"t":"container","i":"_85","p":"_84","c":["_86"],"borderradius":"15","height":"600","imagefit":"cover","imagesrc":"C://Users//jacob//Documents//Python//Roscri-Studio//img//home_bg.jpeg","padding":"{\"l\":0,\"t\":0,\"r\":20,\"b\":0}","visible":"true","width":"1100"},{"t":"row","i":"_86","p":"_85","c":["_87"],"alignment":"end","n":"content"},{"t":"container","i":"_87","p":"_86","c":["_88"],"bgcolor":"#0C5473","borderradius":"15","height":"500","padding":"{\"l\":20,\"t\":0,\"r\":20,\"b\":0}","width":"400"},{"t":"column","i":"_88","p":"_87","c":["_89","_90","_91","_92","_93"],"alignment":"spaceEvenly","n":"content","spacing":"0"},{"t":"text","i":"_89","p":"_88","c":[],"size":"30","style":"titleSmall","value":"Welcome to Roscri"},{"t":"text","i":"_90","p":"_88","c":[],"size":"15","value":"Connect your UR Arm"},{"t":"textfield","i":"_91","p":"_88","c":[],"autofocus":"true","bordercolor":"#FFFFFF","hinttext":"Please enter IP address here","label":"IP Address","visible":"true"},{"t":"textfield","i":"_92","p":"_88","c":[],"bordercolor":"#FFFFFF","hinttext":"Port","label":"Port No."},{"t":"outlinedbutton","i":"_93","p":"_88","c":[],"text":"Connect Now"},{"t":"progressring","i":"_94","p":"_84","c":[],"color":"#0C5473","height":"30","strokewidth":"2","visible":"false","width":"30"}],"trimIDs":[]}}]}
2023-05-02 20:29:23,861 Sent: 3302
2023-05-02 20:29:23,873 Message size: 82
2023-05-02 20:29:23,891 _on_message: {"action":"updateControlProps","payload":{"props":[{"i":"page","route":"/home"}]}}
2023-05-02 20:29:23,895 page.on_event: page change [{"i":"page","route":"/home"}]
2023-05-02 20:29:23,895 Message size: 109
2023-05-02 20:29:23,895 _on_message: {"action":"pageEventFromWeb","payload":{"eventTarget":"page","eventName":"route_change","eventData":"/home"}}
2023-05-02 20:29:23,968 page.on_event: page route_change /home
2023-05-02 20:29:23,969 Message size: 96
2023-05-02 20:29:23,969 _on_message: {"action":"pageEventFromWeb","payload":{"eventTarget":"_91","eventName":"focus","eventData":""}}
2023-05-02 20:29:23,970 page.on_event: _91 focus 
2023-05-02 20:29:24,019 Message size: 343
2023-05-02 20:29:24,028 _on_message: {"action":"updateControlProps","payload":{"props":[{"i":"page","windowwidth":"1382.0"},{"i":"page","windowheight":"744.0"},{"i":"page","windowtop":"-8.0"},{"i":"page","windowleft":"-8.0"},{"i":"page","windowminimized":"false"},{"i":"page","windowmaximized":"true"},{"i":"page","windowfocused":"true"},{"i":"page","windowfullscreen":"false"}]}}
2023-05-02 20:29:24,033 page.on_event: page change [{"i":"page","windowwidth":"1382.0"},{"i":"page","windowheight":"744.0"},{"i":"page","windowtop":"-8.0"},{"i":"page","windowleft":"-8.0"},{"i":"page","windowminimized":"false"},{"i":"page","windowmaximized":"true"},{"i":"page","windowfocused":"true"},{"i":"page","windowfullscreen":"false"}]
2023-05-02 20:29:24,033 Message size: 109
2023-05-02 20:29:24,034 _on_message: {"action":"pageEventFromWeb","payload":{"eventTarget":"page","eventName":"window_event","eventData":"focus"}}
2023-05-02 20:29:24,035 page.on_event: page window_event focus
2023-05-02 20:29:24,036 Message size: 343
2023-05-02 20:29:24,036 _on_message: {"action":"updateControlProps","payload":{"props":[{"i":"page","windowwidth":"1382.0"},{"i":"page","windowheight":"744.0"},{"i":"page","windowtop":"-8.0"},{"i":"page","windowleft":"-8.0"},{"i":"page","windowminimized":"false"},{"i":"page","windowmaximized":"true"},{"i":"page","windowfocused":"true"},{"i":"page","windowfullscreen":"false"}]}}
2023-05-02 20:29:24,037 page.on_event: page change [{"i":"page","windowwidth":"1382.0"},{"i":"page","windowheight":"744.0"},{"i":"page","windowtop":"-8.0"},{"i":"page","windowleft":"-8.0"},{"i":"page","windowminimized":"false"},{"i":"page","windowmaximized":"true"},{"i":"page","windowfocused":"true"},{"i":"page","windowfullscreen":"false"}]
2023-05-02 20:29:24,037 Message size: 109
2023-05-02 20:29:24,037 _on_message: {"action":"pageEventFromWeb","payload":{"eventTarget":"page","eventName":"window_event","eventData":"focus"}}
2023-05-02 20:29:24,039 page.on_event: page window_event focus
2023-05-02 20:29:24,039 Message size: 343
2023-05-02 20:29:24,039 _on_message: {"action":"updateControlProps","payload":{"props":[{"i":"page","windowwidth":"1382.0"},{"i":"page","windowheight":"744.0"},{"i":"page","windowtop":"-8.0"},{"i":"page","windowleft":"-8.0"},{"i":"page","windowminimized":"false"},{"i":"page","windowmaximized":"true"},{"i":"page","windowfocused":"true"},{"i":"page","windowfullscreen":"false"}]}}
2023-05-02 20:29:24,039 page.on_event: page change [{"i":"page","windowwidth":"1382.0"},{"i":"page","windowheight":"744.0"},{"i":"page","windowtop":"-8.0"},{"i":"page","windowleft":"-8.0"},{"i":"page","windowminimized":"false"},{"i":"page","windowmaximized":"true"},{"i":"page","windowfocused":"true"},{"i":"page","windowfullscreen":"false"}]
2023-05-02 20:29:24,039 Message size: 112
2023-05-02 20:29:24,040 _on_message: {"action":"pageEventFromWeb","payload":{"eventTarget":"page","eventName":"window_event","eventData":"maximize"}}
2023-05-02 20:29:24,040 page.on_event: page window_event maximize
2023-05-02 20:29:24,040 Message size: 343
2023-05-02 20:29:24,041 _on_message: {"action":"updateControlProps","payload":{"props":[{"i":"page","windowwidth":"1382.0"},{"i":"page","windowheight":"744.0"},{"i":"page","windowtop":"-8.0"},{"i":"page","windowleft":"-8.0"},{"i":"page","windowminimized":"false"},{"i":"page","windowmaximized":"true"},{"i":"page","windowfocused":"true"},{"i":"page","windowfullscreen":"false"}]}}
2023-05-02 20:29:24,041 page.on_event: page change [{"i":"page","windowwidth":"1382.0"},{"i":"page","windowheight":"744.0"},{"i":"page","windowtop":"-8.0"},{"i":"page","windowleft":"-8.0"},{"i":"page","windowminimized":"false"},{"i":"page","windowmaximized":"true"},{"i":"page","windowfocused":"true"},{"i":"page","windowfullscreen":"false"}]
2023-05-02 20:29:24,044 Message size: 112
2023-05-02 20:29:24,045 _on_message: {"action":"pageEventFromWeb","payload":{"eventTarget":"page","eventName":"window_event","eventData":"maximize"}}
2023-05-02 20:29:24,046 page.on_event: page window_event maximize
2023-05-02 20:29:24,052 Message size: 95
2023-05-02 20:29:24,052 _on_message: {"action":"pageEventFromWeb","payload":{"eventTarget":"_91","eventName":"blur","eventData":""}}
2023-05-02 20:29:24,054 page.on_event: _91 blur 
2023-05-02 20:29:24,054 Message size: 96
2023-05-02 20:29:24,055 _on_message: {"action":"pageEventFromWeb","payload":{"eventTarget":"_91","eventName":"focus","eventData":""}}
2023-05-02 20:29:24,056 page.on_event: _91 focus 
2023-05-02 20:29:24,278 Message size: 403
2023-05-02 20:29:24,278 _on_message: {"action":"updateControlProps","payload":{"props":[{"i":"page","width":"1366.0"},{"i":"page","height":"728.0"},{"i":"page","windowwidth":"1382.0"},{"i":"page","windowheight":"744.0"},{"i":"page","windowtop":"-8.0"},{"i":"page","windowleft":"-8.0"},{"i":"page","windowminimized":"false"},{"i":"page","windowmaximized":"true"},{"i":"page","windowfocused":"true"},{"i":"page","windowfullscreen":"false"}]}}
2023-05-02 20:29:24,279 page.on_event: page change [{"i":"page","width":"1366.0"},{"i":"page","height":"728.0"},{"i":"page","windowwidth":"1382.0"},{"i":"page","windowheight":"744.0"},{"i":"page","windowtop":"-8.0"},{"i":"page","windowleft":"-8.0"},{"i":"page","windowminimized":"false"},{"i":"page","windowmaximized":"true"},{"i":"page","windowfocused":"true"},{"i":"page","windowfullscreen":"false"}]
2023-05-02 20:29:24,280 Message size: 110
2023-05-02 20:29:24,281 _on_message: {"action":"pageEventFromWeb","payload":{"eventTarget":"page","eventName":"resize","eventData":"1366.0,728.0"}}
2023-05-02 20:29:24,283 page.on_event: page resize 1366.0,728.0
2023-05-02 20:29:24,283 Message size: 403
2023-05-02 20:29:24,284 _on_message: {"action":"updateControlProps","payload":{"props":[{"i":"page","width":"1366.0"},{"i":"page","height":"728.0"},{"i":"page","windowwidth":"1382.0"},{"i":"page","windowheight":"744.0"},{"i":"page","windowtop":"-8.0"},{"i":"page","windowleft":"-8.0"},{"i":"page","windowminimized":"false"},{"i":"page","windowmaximized":"true"},{"i":"page","windowfocused":"true"},{"i":"page","windowfullscreen":"false"}]}}
2023-05-02 20:29:24,284 page.on_event: page change [{"i":"page","width":"1366.0"},{"i":"page","height":"728.0"},{"i":"page","windowwidth":"1382.0"},{"i":"page","windowheight":"744.0"},{"i":"page","windowtop":"-8.0"},{"i":"page","windowleft":"-8.0"},{"i":"page","windowminimized":"false"},{"i":"page","windowmaximized":"true"},{"i":"page","windowfocused":"true"},{"i":"page","windowfullscreen":"false"}]
2023-05-02 20:29:24,285 Message size: 110
2023-05-02 20:29:24,285 _on_message: {"action":"pageEventFromWeb","payload":{"eventTarget":"page","eventName":"resize","eventData":"1366.0,728.0"}}
2023-05-02 20:29:24,285 page.on_event: page resize 1366.0,728.0
2023-05-02 20:29:24,351 Message size: 403
2023-05-02 20:29:24,351 _on_message: {"action":"updateControlProps","payload":{"props":[{"i":"page","width":"1366.0"},{"i":"page","height":"728.0"},{"i":"page","windowwidth":"1382.0"},{"i":"page","windowheight":"744.0"},{"i":"page","windowtop":"-8.0"},{"i":"page","windowleft":"-8.0"},{"i":"page","windowminimized":"false"},{"i":"page","windowmaximized":"true"},{"i":"page","windowfocused":"true"},{"i":"page","windowfullscreen":"false"}]}}
2023-05-02 20:29:24,352 page.on_event: page change [{"i":"page","width":"1366.0"},{"i":"page","height":"728.0"},{"i":"page","windowwidth":"1382.0"},{"i":"page","windowheight":"744.0"},{"i":"page","windowtop":"-8.0"},{"i":"page","windowleft":"-8.0"},{"i":"page","windowminimized":"false"},{"i":"page","windowmaximized":"true"},{"i":"page","windowfocused":"true"},{"i":"page","windowfullscreen":"false"}]
2023-05-02 20:29:24,352 Message size: 110
2023-05-02 20:29:24,352 _on_message: {"action":"pageEventFromWeb","payload":{"eventTarget":"page","eventName":"resize","eventData":"1366.0,728.0"}}
2023-05-02 20:29:24,352 page.on_event: page resize 1366.0,728.0
2023-05-02 20:29:28,427 Message size: 77
2023-05-02 20:29:28,427 _on_message: {"action":"updateControlProps","payload":{"props":[{"i":"_91","value":"1"}]}}
2023-05-02 20:29:28,428 page.on_event: page change [{"i":"_91","value":"1"}]
2023-05-02 20:29:28,634 Message size: 78
2023-05-02 20:29:28,635 _on_message: {"action":"updateControlProps","payload":{"props":[{"i":"_91","value":"19"}]}}
2023-05-02 20:29:28,636 page.on_event: page change [{"i":"_91","value":"19"}]
2023-05-02 20:29:28,874 Message size: 79
2023-05-02 20:29:28,874 _on_message: {"action":"updateControlProps","payload":{"props":[{"i":"_91","value":"192"}]}}
2023-05-02 20:29:28,875 page.on_event: page change [{"i":"_91","value":"192"}]
2023-05-02 20:29:29,186 Message size: 80
2023-05-02 20:29:29,186 _on_message: {"action":"updateControlProps","payload":{"props":[{"i":"_91","value":"192."}]}}
2023-05-02 20:29:29,187 page.on_event: page change [{"i":"_91","value":"192."}]
2023-05-02 20:29:29,514 Message size: 81
2023-05-02 20:29:29,516 _on_message: {"action":"updateControlProps","payload":{"props":[{"i":"_91","value":"192.1"}]}}
2023-05-02 20:29:29,516 page.on_event: page change [{"i":"_91","value":"192.1"}]
2023-05-02 20:29:29,754 Message size: 82
2023-05-02 20:29:29,755 _on_message: {"action":"updateControlProps","payload":{"props":[{"i":"_91","value":"192.16"}]}}
2023-05-02 20:29:29,755 page.on_event: page change [{"i":"_91","value":"192.16"}]
2023-05-02 20:29:30,010 Message size: 83
2023-05-02 20:29:30,011 _on_message: {"action":"updateControlProps","payload":{"props":[{"i":"_91","value":"192.168"}]}}
2023-05-02 20:29:30,012 page.on_event: page change [{"i":"_91","value":"192.168"}]
2023-05-02 20:29:30,322 Message size: 84
2023-05-02 20:29:30,323 _on_message: {"action":"updateControlProps","payload":{"props":[{"i":"_91","value":"192.168."}]}}
2023-05-02 20:29:30,325 page.on_event: page change [{"i":"_91","value":"192.168."}]
2023-05-02 20:29:36,794 Message size: 85
2023-05-02 20:29:36,794 _on_message: {"action":"updateControlProps","payload":{"props":[{"i":"_91","value":"192.168.1"}]}}
2023-05-02 20:29:36,795 page.on_event: page change [{"i":"_91","value":"192.168.1"}]
2023-05-02 20:29:37,154 Message size: 86
2023-05-02 20:29:37,155 _on_message: {"action":"updateControlProps","payload":{"props":[{"i":"_91","value":"192.168.1."}]}}
2023-05-02 20:29:37,155 page.on_event: page change [{"i":"_91","value":"192.168.1."}]
2023-05-02 20:29:37,395 Message size: 87
2023-05-02 20:29:37,396 _on_message: {"action":"updateControlProps","payload":{"props":[{"i":"_91","value":"192.168.1.2"}]}}
2023-05-02 20:29:37,396 page.on_event: page change [{"i":"_91","value":"192.168.1.2"}]
2023-05-02 20:29:37,594 Message size: 88
2023-05-02 20:29:37,595 _on_message: {"action":"updateControlProps","payload":{"props":[{"i":"_91","value":"192.168.1.21"}]}}
2023-05-02 20:29:37,595 page.on_event: page change [{"i":"_91","value":"192.168.1.21"}]
2023-05-02 20:29:37,787 Message size: 89
2023-05-02 20:29:37,788 _on_message: {"action":"updateControlProps","payload":{"props":[{"i":"_91","value":"192.168.1.215"}]}}
2023-05-02 20:29:37,788 page.on_event: page change [{"i":"_91","value":"192.168.1.215"}]
2023-05-02 20:29:38,866 Message size: 95
2023-05-02 20:29:38,867 _on_message: {"action":"pageEventFromWeb","payload":{"eventTarget":"_91","eventName":"blur","eventData":""}}
2023-05-02 20:29:38,867 page.on_event: _91 blur 
2023-05-02 20:29:38,867 Message size: 96
2023-05-02 20:29:38,868 _on_message: {"action":"pageEventFromWeb","payload":{"eventTarget":"_92","eventName":"focus","eventData":""}}
2023-05-02 20:29:38,868 page.on_event: _92 focus 
2023-05-02 20:29:40,002 Message size: 77
2023-05-02 20:29:40,003 _on_message: {"action":"updateControlProps","payload":{"props":[{"i":"_92","value":"3"}]}}
2023-05-02 20:29:40,004 page.on_event: page change [{"i":"_92","value":"3"}]
2023-05-02 20:29:40,354 Message size: 78
2023-05-02 20:29:40,354 _on_message: {"action":"updateControlProps","payload":{"props":[{"i":"_92","value":"30"}]}}
2023-05-02 20:29:40,355 page.on_event: page change [{"i":"_92","value":"30"}]
2023-05-02 20:29:40,499 Message size: 79
2023-05-02 20:29:40,499 _on_message: {"action":"updateControlProps","payload":{"props":[{"i":"_92","value":"300"}]}}
2023-05-02 20:29:40,500 page.on_event: page change [{"i":"_92","value":"300"}]
2023-05-02 20:29:40,642 Message size: 80
2023-05-02 20:29:40,643 _on_message: {"action":"updateControlProps","payload":{"props":[{"i":"_92","value":"3000"}]}}
2023-05-02 20:29:40,643 page.on_event: page change [{"i":"_92","value":"3000"}]
2023-05-02 20:29:41,602 Message size: 81
2023-05-02 20:29:41,603 _on_message: {"action":"updateControlProps","payload":{"props":[{"i":"_92","value":"30004"}]}}
2023-05-02 20:29:41,604 page.on_event: page change [{"i":"_92","value":"30004"}]
2023-05-02 20:29:43,386 Message size: 95
2023-05-02 20:29:43,386 _on_message: {"action":"pageEventFromWeb","payload":{"eventTarget":"_92","eventName":"blur","eventData":""}}
2023-05-02 20:29:43,387 page.on_event: _92 blur 
2023-05-02 20:29:45,098 Message size: 96
2023-05-02 20:29:45,098 _on_message: {"action":"pageEventFromWeb","payload":{"eventTarget":"_93","eventName":"click","eventData":""}}
2023-05-02 20:29:45,098 page.on_event: _93 click 
2023-05-02 20:29:45,102 _process_command: set ['_85'] {'visible': 'false'}
2023-05-02 20:29:45,102 _process_command: set ['_94'] {'visible': 'true'}
2023-05-02 20:29:45,102 __send: {"action":"pageControlsBatch","payload":[{"action":"updateControlProps","payload":{"props":[{"i":"_85","visible":"false"}]}},{"action":"updateControlProps","payload":{"props":[{"i":"_94","visible":"true"}]}}]}
2023-05-02 20:29:45,102 Sent: 213
2023-05-02 20:30:14,010 Message size: 80
2023-05-02 20:30:14,011 _on_message: {"action":"updateControlProps","payload":{"props":[{"i":"_75","value":"true"}]}}
2023-05-02 20:30:14,012 page.on_event: page change [{"i":"_75","value":"true"}]
2023-05-02 20:30:14,013 Message size: 101
2023-05-02 20:30:14,013 _on_message: {"action":"pageEventFromWeb","payload":{"eventTarget":"_75","eventName":"change","eventData":"true"}}
2023-05-02 20:30:14,014 page.on_event: _75 change true
2023-05-02 20:30:16,016 [Criticial]Routing is not complete. Please check source code.
2023-05-02 20:30:16,019 _process_command: set ['page'] {'route': '/dashboard'}
2023-05-02 20:30:16,019 _process_command: remove ['_69'] {}
2023-05-02 20:30:16,019 _process_command: add [] {'to': 'page', 'at': '0'}
2023-05-02 20:30:16,020 __send: {"action":"pageControlsBatch","payload":[{"action":"updateControlProps","payload":{"props":[{"i":"page","route":"/dashboard"}]}},{"action":"removeControl","payload":{"ids":["_69"]}},{"action":"addPageControls","payload":{"controls":[{"t":"view","i":"_4","p":"page","c":["_5","_17"],"at":"0","bgcolor":"#EAF4F9","padding":"0","route":"/dashboard","spacing":"0"},{"t":"row","i":"_5","p":"_4","c":["_6","_7","_11","_13","_16"],"spacing":"0"},{"t":"container","i":"_6","p":"_5","c":[],"bgcolor":"#0C5473","height":"40","width":"100"},{"t":"container","i":"_7","p":"_5","c":["_8"],"bgcolor":"#FFFFFF","height":"40","padding":"{\"l\":13,\"t\":0,\"r\":0,\"b\":0}","width":"300"},{"t":"row","i":"_8","p":"_7","c":["_9","_10"],"n":"content"},{"t":"text","i":"_9","p":"_8","c":[],"color":"#000000","style":"labelLarge","value":"Activate Simulation"},{"t":"switch","i":"_10","p":"_8","c":[],"activecolor":"0C5473","activetrackcolor":"#F6F6F6","inactivethumbcolor":"#559FBF","inactivetrackcolor":"#FFFFFF","value":"false"},{"t":"container","i":"_11","p":"_5","c":["_12"],"bgcolor":"#FFFFFF","height":"40","padding":"{\"l\":250,\"t\":5,\"r\":0,\"b\":0}","width":"800"},{"t":"text","i":"_12","p":"_11","c":[],"color":"#000000","n":"content","style":"titleSmall","value":"Roscri Studio"},{"t":"container","i":"_13","p":"_5","c":["_14"],"bgcolor":"#FFFFFF","height":"40","padding":"{\"l\":80,\"t\":0,\"r\":0,\"b\":0}","width":"120"},{"t":"row","i":"_14","p":"_13","c":["_15"],"n":"content"},{"t":"icon","i":"_15","p":"_14","c":[],"color":"#0C5473","name":"close_fullscreen_outlined","size":"18"},{"t":"container","i":"_16","p":"_5","c":[],"bgcolor":"#FD5454","expand":"1","height":"40","imagesrc":"C://Users//jacob//Documents//Python//Roscri-Studio//img//Exit.png","onclick":"true","width":"130"},{"t":"row","i":"_17","p":"_4","c":["_18"],"alignment":"center"},{"t":"container","i":"_18","p":"_17","c":["_19"],"bgcolor":"#EAF4F9","borderradius":"{\"bl\":10,\"br\":10,\"tl\":10,\"tr\":10}","height":"670","margin":"{\"l\":30,\"t\":0,\"r\":25,\"b\":0}","width":"1300"},{"t":"row","i":"_19","p":"_18","c":["_20","_57","_68"],"n":"content"},{"t":"row","i":"_20","p":"_19","c":["_21"],"spacing":"0"},{"t":"container","i":"_21","p":"_20","c":["_22"],"bgcolor":"#0C5473","borderradius":"{\"bl\":15,\"br\":15,\"tl\":15,\"tr\":15}","height":"620","padding":"{\"l\":5,\"t\":5,\"r\":5,\"b\":5}","width":"80"},{"t":"column","i":"_22","p":"_21","c":["_23","_24","_28","_30","_34","_36","_40","_42","_46","_48","_49","_52"],"n":"content"},{"t":"container","i":"_23","p":"_22","c":[],"bgcolor":"#0C5473","height":"20","width":"70"},{"t":"container","i":"_24","p":"_22","c":["_25"],"height":"55","onclick":"true","width":"70"},{"t":"row","i":"_25","p":"_24","c":["_26","_27"],"alignment":"center","n":"content"},{"t":"icon","i":"_26","p":"_25","c":[],"color":"#FFFFFF","name":"home_rounded","size":"28"},{"t":"container","i":"_27","p":"_25","c":[],"bgcolor":"#FFFFFF","height":"45","visible":"true","width":"3"},{"t":"row","i":"_28","p":"_22","c":["_29"],"alignment":"center"},{"t":"text","i":"_29","p":"_28","c":[],"size":"11","value":"Overview"},{"t":"container","i":"_30","p":"_22","c":["_31"],"height":"55","onclick":"true","width":"70"},{"t":"row","i":"_31","p":"_30","c":["_32","_33"],"alignment":"center","n":"content"},{"t":"icon","i":"_32","p":"_31","c":[],"color":"#EBEBEB","name":"devices_fold_rounded","size":"20"},{"t":"container","i":"_33","p":"_31","c":[],"bgcolor":"#FFFFFF","height":"45","visible":"false","width":"3"},{"t":"row","i":"_34","p":"_22","c":["_35"],"alignment":"center"},{"t":"text","i":"_35","p":"_34","c":[],"size":"11","value":"Program"},{"t":"container","i":"_36","p":"_22","c":["_37"],"height":"55","onclick":"true","width":"70"},{"t":"row","i":"_37","p":"_36","c":["_38","_39"],"alignment":"center","n":"content"},{"t":"icon","i":"_38","p":"_37","c":[],"color":"#EBEBEB","name":"settings_sharp","size":"20"},{"t":"container","i":"_39","p":"_37","c":[],"bgcolor":"#FFFFFF","height":"45","visible":"false","width":"3"},{"t":"row","i":"_40","p":"_22","c":["_41"],"alignment":"center"},{"t":"text","i":"_41","p":"_40","c":[],"size":"11","value":"Settings"},{"t":"container","i":"_42","p":"_22","c":["_43"],"height":"55","onclick":"true","width":"70"},{"t":"row","i":"_43","p":"_42","c":["_44","_45"],"alignment":"center","n":"content"},{"t":"icon","i":"_44","p":"_43","c":[],"color":"#EBEBEB","name":"devices_outlined","size":"20"},{"t":"container","i":"_45","p":"_43","c":[],"bgcolor":"#FFFFFF","height":"45","visible":"false","width":"3"},{"t":"row","i":"_46","p":"_22","c":["_47"],"alignment":"center"},{"t":"text","i":"_47","p":"_46","c":[],"size":"11","value":"Devices"},{"t":"container","i":"_48","p":"_22","c":[],"bgcolor":"#0C5473","height":"55","width":"70"},{"t":"container","i":"_49","p":"_22","c":["_50"],"height":"65","onclick":"true","width":"70"},{"t":"row","i":"_50","p":"_49","c":["_51"],"alignment":"center","n":"content"},{"t":"image","i":"_51","p":"_50","c":[],"fit":"contain","height":"40","src":"C://Users//jacob//Documents//Python//Roscri-Studio//img//group.png","width":"40"},{"t":"container","i":"_52","p":"_22","c":["_53"],"height":"70","onclick":"true","width":"70"},{"t":"row","i":"_53","p":"_52","c":["_54"],"alignment":"center","n":"content"},{"t":"container","i":"_54","p":"_53","c":["_55"],"height":"45","width":"50"},{"t":"column","i":"_55","p":"_54","c":["_56"],"n":"content"},{"t":"icon","i":"_56","p":"_55","c":[],"color":"#EBEBEB","name":"support_agent_sharp","size":"20"},{"t":"container","i":"_57","p":"_19","c":["_58"],"bgcolor":"#FFFFFF","borderradius":"{\"bl\":15,\"br\":15,\"tl\":15,\"tr\":15}","height":"620","width":"1200"},{"t":"row","i":"_58","p":"_57","c":["_59","_67"],"alignment":"spaceEvenly","n":"content"},{"t":"container","i":"_59","p":"_58","c":["_60"],"height":"600","width":"550"},{"t":"column","i":"_60","p":"_59","c":["_61","_65","_66"],"alignment":"spaceEvenly","n":"content"},{"t":"container","i":"_61","p":"_60","c":["_62"],"borderradius":"{\"bl\":15,\"br\":15,\"tl\":15,\"tr\":15}","gradient":"{\"colors\":[\"0xff0C5473\",\"0xff6695A9\"],\"tile_mode\":\"mirror\",\"begin\":{\"x\":-1,\"y\":-1},\"end\":{\"x\":0.8,\"y\":1},\"type\":\"linear\"}","height":"220","padding":"{\"l\":15,\"t\":15,\"r\":15,\"b\":15}","width":"550"},{"t":"column","i":"_62","p":"_61","c":["_63","_64"],"n":"content"},{"t":"text","i":"_63","p":"_62","c":[],"color":"#FFFFFF","size":"13","style":"titleMedium","value":"Hey there."},{"t":"text","i":"_64","p":"_62","c":[],"color":"#FFFFFF","size":"25","style":"titleMedium","value":"JacobPC"},{"t":"text","i":"_65","p":"_60","c":[],"color":"#000000","size":"15","style":"titleMedium","value":"Netwok Ping Status"},{"t":"container","i":"_66","p":"_60","c":[],"bgcolor":"#000000","height":"300","width":"550"},{"t":"container","i":"_67","p":"_58","c":[],"bgcolor":"#000000","height":"570","width":"550"},{"t":"progressring","i":"_68","p":"_19","c":[]}],"trimIDs":[]}}]}
2023-05-02 20:30:16,021 Sent: 6954
2023-05-02 20:30:16,032 Message size: 87
2023-05-02 20:30:16,039 _on_message: {"action":"updateControlProps","payload":{"props":[{"i":"page","route":"/dashboard"}]}}
2023-05-02 20:30:16,040 page.on_event: page change [{"i":"page","route":"/dashboard"}]
2023-05-02 20:30:16,041 Message size: 114
2023-05-02 20:30:16,041 _on_message: {"action":"pageEventFromWeb","payload":{"eventTarget":"page","eventName":"route_change","eventData":"/dashboard"}}
2023-05-02 20:30:16,042 page.on_event: page route_change /dashboard
2023-05-02 20:30:20,395 Message size: 80
2023-05-02 20:30:20,395 _on_message: {"action":"updateControlProps","payload":{"props":[{"i":"_10","value":"true"}]}}
2023-05-02 20:30:20,396 page.on_event: page change [{"i":"_10","value":"true"}]
2023-05-02 20:30:20,396 Message size: 101
2023-05-02 20:30:20,397 _on_message: {"action":"pageEventFromWeb","payload":{"eventTarget":"_10","eventName":"change","eventData":"true"}}
2023-05-02 20:30:20,398 page.on_event: _10 change true
2023-05-02 20:30:20,403 _process_command: set ['_9'] {'value': 'Simulation Activated'}
2023-05-02 20:30:20,403 __send: {"action":"pageControlsBatch","payload":[{"action":"updateControlProps","payload":{"props":[{"i":"_9","value":"Simulation Activated"}]}}]}
2023-05-02 20:30:20,403 Sent: 142
2023-05-02 20:31:18,947 Message size: 146
2023-05-02 20:31:18,947 _on_message: {"action":"pageEventFromWeb","payload":{"eventTarget":"_36","eventName":"click","eventData":"{\"lx\":28.5,\"ly\":31.0,\"gx\":69.0,\"gy\":313.0}"}}
2023-05-02 20:31:18,949 page.on_event: _36 click {"lx":28.5,"ly":31.0,"gx":69.0,"gy":313.0}
2023-05-02 20:31:18,952 _process_command: set ['_27'] {'visible': 'false'}
2023-05-02 20:31:18,952 _process_command: set ['_39'] {'visible': 'true'}
2023-05-02 20:31:18,953 __send: {"action":"pageControlsBatch","payload":[{"action":"updateControlProps","payload":{"props":[{"i":"_27","visible":"false"}]}},{"action":"updateControlProps","payload":{"props":[{"i":"_39","visible":"true"}]}}]}
2023-05-02 20:31:18,953 Sent: 213
2023-05-02 20:31:43,994 Message size: 147
2023-05-02 20:31:43,994 _on_message: {"action":"pageEventFromWeb","payload":{"eventTarget":"_16","eventName":"click","eventData":"{\"lx\":45.0,\"ly\":21.0,\"gx\":1365.0,\"gy\":21.0}"}}
2023-05-02 20:31:43,995 page.on_event: _16 click {"lx":45.0,"ly":21.0,"gx":1365.0,"gy":21.0}
2023-05-02 20:31:44,002 _process_command: set ['page'] {'windowdestroy': 'true'}
2023-05-02 20:31:44,002 __send: {"action":"pageControlsBatch","payload":[{"action":"updateControlProps","payload":{"props":[{"i":"page","windowdestroy":"true"}]}}]}
2023-05-02 20:31:44,002 Sent: 136
2023-05-02 20:31:44,269 Closing connection...
2023-05-02 20:31:44,283 Flet View process 16780
