2023-05-02 14:31:03,551 [Criticial]Routing is not complete. Please check source code.
2023-05-02 14:31:03,552 _process_command: set ['page'] {'windowframeless': 'true', 'windowheight': '345', 'windowminimized': 'false', 'windowresizable': 'false', 'windowwidth': '500'}
2023-05-02 14:31:03,554 _process_command: remove ['_1'] {}
2023-05-02 14:31:03,554 __send: {"action":"pageControlsBatch","payload":[{"action":"updateControlProps","payload":{"props":[{"i":"page","windowframeless":"true","windowheight":"345","windowminimized":"false","windowresizable":"false","windowwidth":"500"}]}},{"action":"removeControl","payload":{"ids":["_1"]}}]}
2023-05-02 14:31:03,555 Sent: 283
2023-05-02 14:31:03,563 _process_command: add [] {'to': 'page', 'at': '0'}
2023-05-02 14:31:03,564 _process_command: add [] {'to': 'page', 'at': '1'}
2023-05-02 14:31:03,564 _process_command: add [] {'to': 'page', 'at': '2'}
2023-05-02 14:31:03,565 __send: {"action":"pageControlsBatch","payload":[{"action":"addPageControls","payload":{"controls":[{"t":"view","i":"_4","p":"page","c":["_5","_17"],"at":"0","bgcolor":"#EAF4F9","padding":"0","route":"/dashboard","spacing":"0"},{"t":"row","i":"_5","p":"_4","c":["_6","_7","_11","_13","_16"],"spacing":"0"},{"t":"container","i":"_6","p":"_5","c":[],"bgcolor":"#0C5473","height":"40","width":"100"},{"t":"container","i":"_7","p":"_5","c":["_8"],"bgcolor":"#FFFFFF","height":"40","padding":"{\"l\":13,\"t\":0,\"r\":0,\"b\":0}","width":"300"},{"t":"row","i":"_8","p":"_7","c":["_9","_10"],"n":"content"},{"t":"text","i":"_9","p":"_8","c":[],"color":"#000000","style":"labelLarge","value":"Activate Simulation"},{"t":"switch","i":"_10","p":"_8","c":[],"activecolor":"0C5473","activetrackcolor":"#F6F6F6","inactivethumbcolor":"#559FBF","inactivetrackcolor":"#FFFFFF","value":"false"},{"t":"container","i":"_11","p":"_5","c":["_12"],"bgcolor":"#FFFFFF","height":"40","padding":"{\"l\":250,\"t\":5,\"r\":0,\"b\":0}","width":"800"},{"t":"text","i":"_12","p":"_11","c":[],"color":"#000000","n":"content","style":"titleSmall","value":"Roscri Studio"},{"t":"container","i":"_13","p":"_5","c":["_14"],"bgcolor":"#FFFFFF","height":"40","padding":"{\"l\":80,\"t\":0,\"r\":0,\"b\":0}","width":"120"},{"t":"row","i":"_14","p":"_13","c":["_15"],"n":"content"},{"t":"icon","i":"_15","p":"_14","c":[],"color":"#0C5473","name":"close_fullscreen_outlined","size":"18"},{"t":"container","i":"_16","p":"_5","c":[],"bgcolor":"#FD5454","expand":"1","height":"40","imagesrc":"C://Users//jacob//Documents//Python//Roscri-Studio//img//Exit.png","onclick":"true","width":"130"},{"t":"row","i":"_17","p":"_4","c":["_18"],"alignment":"center"},{"t":"container","i":"_18","p":"_17","c":["_19"],"bgcolor":"#EAF4F9","borderradius":"{\"bl\":10,\"br\":10,\"tl\":10,\"tr\":10}","height":"670","margin":"{\"l\":30,\"t\":0,\"r\":25,\"b\":0}","width":"1300"},{"t":"row","i":"_19","p":"_18","c":["_20","_57","_68"],"n":"content"},{"t":"row","i":"_20","p":"_19","c":["_21"],"spacing":"0"},{"t":"container","i":"_21","p":"_20","c":["_22"],"bgcolor":"#0C5473","borderradius":"{\"bl\":15,\"br\":15,\"tl\":15,\"tr\":15}","height":"620","padding":"{\"l\":5,\"t\":5,\"r\":5,\"b\":5}","width":"80"},{"t":"column","i":"_22","p":"_21","c":["_23","_24","_28","_30","_34","_36","_40","_42","_46","_48","_49","_52"],"n":"content"},{"t":"container","i":"_23","p":"_22","c":[],"bgcolor":"#0C5473","height":"20","width":"70"},{"t":"container","i":"_24","p":"_22","c":["_25"],"height":"55","onclick":"true","width":"70"},{"t":"row","i":"_25","p":"_24","c":["_26","_27"],"alignment":"center","n":"content"},{"t":"icon","i":"_26","p":"_25","c":[],"color":"#FFFFFF","name":"home_rounded","size":"28"},{"t":"container","i":"_27","p":"_25","c":[],"bgcolor":"#FFFFFF","height":"45","visible":"true","width":"3"},{"t":"row","i":"_28","p":"_22","c":["_29"],"alignment":"center"},{"t":"text","i":"_29","p":"_28","c":[],"size":"11","value":"Overview"},{"t":"container","i":"_30","p":"_22","c":["_31"],"height":"55","onclick":"true","width":"70"},{"t":"row","i":"_31","p":"_30","c":["_32","_33"],"alignment":"center","n":"content"},{"t":"icon","i":"_32","p":"_31","c":[],"color":"#EBEBEB","name":"devices_fold_rounded","size":"20"},{"t":"container","i":"_33","p":"_31","c":[],"bgcolor":"#FFFFFF","height":"45","visible":"false","width":"3"},{"t":"row","i":"_34","p":"_22","c":["_35"],"alignment":"center"},{"t":"text","i":"_35","p":"_34","c":[],"size":"11","value":"Program"},{"t":"container","i":"_36","p":"_22","c":["_37"],"height":"55","onclick":"true","width":"70"},{"t":"row","i":"_37","p":"_36","c":["_38","_39"],"alignment":"center","n":"content"},{"t":"icon","i":"_38","p":"_37","c":[],"color":"#EBEBEB","name":"settings_sharp","size":"20"},{"t":"container","i":"_39","p":"_37","c":[],"bgcolor":"#FFFFFF","height":"45","visible":"false","width":"3"},{"t":"row","i":"_40","p":"_22","c":["_41"],"alignment":"center"},{"t":"text","i":"_41","p":"_40","c":[],"size":"11","value":"Settings"},{"t":"container","i":"_42","p":"_22","c":["_43"],"height":"55","onclick":"true","width":"70"},{"t":"row","i":"_43","p":"_42","c":["_44","_45"],"alignment":"center","n":"content"},{"t":"icon","i":"_44","p":"_43","c":[],"color":"#EBEBEB","name":"devices_outlined","size":"20"},{"t":"container","i":"_45","p":"_43","c":[],"bgcolor":"#FFFFFF","height":"45","visible":"false","width":"3"},{"t":"row","i":"_46","p":"_22","c":["_47"],"alignment":"center"},{"t":"text","i":"_47","p":"_46","c":[],"size":"11","value":"Devices"},{"t":"container","i":"_48","p":"_22","c":[],"bgcolor":"#0C5473","height":"55","width":"70"},{"t":"container","i":"_49","p":"_22","c":["_50"],"height":"65","onclick":"true","width":"70"},{"t":"row","i":"_50","p":"_49","c":["_51"],"alignment":"center","n":"content"},{"t":"image","i":"_51","p":"_50","c":[],"fit":"contain","height":"40","src":"C://Users//jacob//Documents//Python//Roscri-Studio//img//group.png","width":"40"},{"t":"container","i":"_52","p":"_22","c":["_53"],"height":"70","onclick":"true","width":"70"},{"t":"row","i":"_53","p":"_52","c":["_54"],"alignment":"center","n":"content"},{"t":"container","i":"_54","p":"_53","c":["_55"],"height":"45","width":"50"},{"t":"column","i":"_55","p":"_54","c":["_56"],"n":"content"},{"t":"icon","i":"_56","p":"_55","c":[],"color":"#EBEBEB","name":"support_agent_sharp","size":"20"},{"t":"container","i":"_57","p":"_19","c":["_58"],"bgcolor":"#FFFFFF","borderradius":"{\"bl\":15,\"br\":15,\"tl\":15,\"tr\":15}","height":"620","width":"1200"},{"t":"row","i":"_58","p":"_57","c":["_59","_67"],"alignment":"spaceEvenly","n":"content"},{"t":"container","i":"_59","p":"_58","c":["_60"],"height":"600","width":"550"},{"t":"column","i":"_60","p":"_59","c":["_61","_65","_66"],"alignment":"spaceEvenly","n":"content"},{"t":"container","i":"_61","p":"_60","c":["_62"],"borderradius":"{\"bl\":15,\"br\":15,\"tl\":15,\"tr\":15}","gradient":"{\"colors\":[\"0xff0C5473\",\"0xff6695A9\"],\"tile_mode\":\"mirror\",\"begin\":{\"x\":-1,\"y\":-1},\"end\":{\"x\":0.8,\"y\":1},\"type\":\"linear\"}","height":"220","padding":"{\"l\":15,\"t\":15,\"r\":15,\"b\":15}","width":"550"},{"t":"column","i":"_62","p":"_61","c":["_63","_64"],"n":"content"},{"t":"text","i":"_63","p":"_62","c":[],"color":"#FFFFFF","size":"13","style":"titleMedium","value":"Hey there."},{"t":"text","i":"_64","p":"_62","c":[],"color":"#FFFFFF","size":"25","style":"titleMedium","value":"JacobPC"},{"t":"text","i":"_65","p":"_60","c":[],"color":"#000000","size":"15","style":"titleMedium","value":"Netwok Ping Status"},{"t":"container","i":"_66","p":"_60","c":[],"bgcolor":"#000000","height":"300","width":"550"},{"t":"container","i":"_67","p":"_58","c":[],"bgcolor":"#000000","height":"570","width":"550"},{"t":"progressring","i":"_68","p":"_19","c":[]}],"trimIDs":[]}},{"action":"addPageControls","payload":{"controls":[{"t":"view","i":"_69","p":"page","c":["_70","_82"],"at":"1","bgcolor":"#EAF4F9","padding":"0","route":"/home","spacing":"0"},{"t":"row","i":"_70","p":"_69","c":["_71","_72","_76","_78","_81"],"spacing":"0"},{"t":"container","i":"_71","p":"_70","c":[],"bgcolor":"#0C5473","height":"40","width":"100"},{"t":"container","i":"_72","p":"_70","c":["_73"],"bgcolor":"#FFFFFF","height":"40","padding":"{\"l\":13,\"t\":0,\"r\":0,\"b\":0}","width":"300"},{"t":"row","i":"_73","p":"_72","c":["_74","_75"],"n":"content"},{"t":"text","i":"_74","p":"_73","c":[],"color":"#000000","style":"labelLarge","value":"Activate Simulation"},{"t":"switch","i":"_75","p":"_73","c":[],"activecolor":"0C5473","activetrackcolor":"#F6F6F6","inactivethumbcolor":"#559FBF","inactivetrackcolor":"#FFFFFF","value":"false"},{"t":"container","i":"_76","p":"_70","c":["_77"],"bgcolor":"#FFFFFF","height":"40","padding":"{\"l\":250,\"t\":5,\"r\":0,\"b\":0}","width":"800"},{"t":"text","i":"_77","p":"_76","c":[],"color":"#000000","n":"content","style":"titleSmall","value":"Roscri Studio"},{"t":"container","i":"_78","p":"_70","c":["_79"],"bgcolor":"#FFFFFF","height":"40","padding":"{\"l\":80,\"t\":0,\"r\":0,\"b\":0}","width":"120"},{"t":"row","i":"_79","p":"_78","c":["_80"],"n":"content"},{"t":"icon","i":"_80","p":"_79","c":[],"color":"#0C5473","name":"close_fullscreen_outlined","size":"18"},{"t":"container","i":"_81","p":"_70","c":[],"bgcolor":"#FD5454","expand":"1","height":"40","imagesrc":"C://Users//jacob//Documents//Python//Roscri-Studio//img//Exit.png","onclick":"true","width":"130"},{"t":"row","i":"_82","p":"_69","c":["_83"]},{"t":"container","i":"_83","p":"_82","c":["_84"],"bgcolor":"#EAF4F9","borderradius":"{\"bl\":10,\"br\":10,\"tl\":10,\"tr\":10}","height":"670","margin":"{\"l\":30,\"t\":0,\"r\":25,\"b\":0}","width":"1300"},{"t":"row","i":"_84","p":"_83","c":["_85"],"alignment":"center","n":"content"},{"t":"progressring","i":"_85","p":"_84","c":[]}],"trimIDs":[]}},{"action":"addPageControls","payload":{"controls":[{"t":"view","i":"_86","p":"page","c":["_87"],"at":"2","bgcolor":"#0C5473","padding":"0","route":"splash","spacing":"0"},{"t":"column","i":"_87","p":"_86","c":["_88"],"expand":"1"},{"t":"container","i":"_88","p":"_87","c":["_89"],"bgcolor":"#0C5473","expand":"1","height":"370","imagefit":"contain","imagesrc":"C://Users//jacob//Documents//Python//Roscri-Studio//img//ss.png","width":"500"},{"t":"column","i":"_89","p":"_88","c":["_90","_94"],"n":"content"},{"t":"container","i":"_90","p":"_89","c":["_91"],"height":"260","padding":"{\"l\":25,\"t\":70,\"r\":0,\"b\":0}","width":"500"},{"t":"column","i":"_91","p":"_90","c":["_92","_93"],"alignment":"center","expand":"1","n":"content"},{"t":"text","i":"_92","p":"_91","c":[],"color":"#FFFFFF","selectable":"false","style":"displaySmall","value":"Roscri Stduio","weight":"bold"},{"t":"text","i":"_93","p":"_91","c":[],"color":"#FFFFFF","selectable":"false","style":"bodyMedium","value":"Robotic Additive Simulator"},{"t":"container","i":"_94","p":"_89","c":["_95"],"height":"90","padding":"{\"l\":25,\"t\":0,\"r\":0,\"b\":0}","width":"500"},{"t":"column","i":"_95","p":"_94","c":["_96"],"alignment":"start","expand":"1","n":"content"},{"t":"elevatedbutton","i":"_96","p":"_95","c":[],"icon":"navigate_next_rounded","style":"{\"color\":{\"\":\"#FFFFFF\"},\"bgcolor\":{\"\":\"#0C5473\"}}","text":"Get Started"}],"trimIDs":[]}}]}
2023-05-02 14:31:03,566 Sent: 10244
2023-05-02 14:31:03,568 Harmless debug Message
2023-05-02 14:31:03,568 Just an information
2023-05-02 14:31:03,568 Its a Warning
2023-05-02 14:31:03,568 Did you try to divide by zero
2023-05-02 14:31:03,569 Internet is down
2023-05-02 14:31:03,971 Message size: 404
2023-05-02 14:31:03,971 _on_message: {"action":"updateControlProps","payload":{"props":[{"i":"page","width":"500.0"},{"i":"page","height":"346.0"},{"i":"page","windowwidth":"500.0"},{"i":"page","windowheight":"345.0"},{"i":"page","windowtop":"191.0"},{"i":"page","windowleft":"433.0"},{"i":"page","windowminimized":"false"},{"i":"page","windowmaximized":"false"},{"i":"page","windowfocused":"true"},{"i":"page","windowfullscreen":"false"}]}}
2023-05-02 14:31:03,973 page.on_event: page change [{"i":"page","width":"500.0"},{"i":"page","height":"346.0"},{"i":"page","windowwidth":"500.0"},{"i":"page","windowheight":"345.0"},{"i":"page","windowtop":"191.0"},{"i":"page","windowleft":"433.0"},{"i":"page","windowminimized":"false"},{"i":"page","windowmaximized":"false"},{"i":"page","windowfocused":"true"},{"i":"page","windowfullscreen":"false"}]
2023-05-02 14:31:03,973 Message size: 109
2023-05-02 14:31:03,974 _on_message: {"action":"pageEventFromWeb","payload":{"eventTarget":"page","eventName":"resize","eventData":"500.0,346.0"}}
2023-05-02 14:31:03,975 page.on_event: page resize 500.0,346.0
2023-05-02 14:31:04,756 Message size: 96
2023-05-02 14:31:04,756 _on_message: {"action":"pageEventFromWeb","payload":{"eventTarget":"_96","eventName":"click","eventData":""}}
2023-05-02 14:31:04,756 page.on_event: _96 click 
2023-05-02 14:31:04,763 _process_command: set ['page'] {'windowvisible': 'false'}
2023-05-02 14:31:04,763 __send: {"action":"pageControlsBatch","payload":[{"action":"updateControlProps","payload":{"props":[{"i":"page","windowvisible":"false"}]}}]}
2023-05-02 14:31:04,763 Sent: 137
2023-05-02 14:31:04,818 Message size: 346
2023-05-02 14:31:04,821 _on_message: {"action":"updateControlProps","payload":{"props":[{"i":"page","windowwidth":"500.0"},{"i":"page","windowheight":"345.0"},{"i":"page","windowtop":"191.0"},{"i":"page","windowleft":"433.0"},{"i":"page","windowminimized":"false"},{"i":"page","windowmaximized":"false"},{"i":"page","windowfocused":"false"},{"i":"page","windowfullscreen":"false"}]}}
2023-05-02 14:31:04,843 page.on_event: page change [{"i":"page","windowwidth":"500.0"},{"i":"page","windowheight":"345.0"},{"i":"page","windowtop":"191.0"},{"i":"page","windowleft":"433.0"},{"i":"page","windowminimized":"false"},{"i":"page","windowmaximized":"false"},{"i":"page","windowfocused":"false"},{"i":"page","windowfullscreen":"false"}]
2023-05-02 14:31:04,843 Message size: 108
2023-05-02 14:31:04,844 _on_message: {"action":"pageEventFromWeb","payload":{"eventTarget":"page","eventName":"window_event","eventData":"hide"}}
2023-05-02 14:31:04,857 page.on_event: page window_event hide
2023-05-02 14:31:04,858 Message size: 346
2023-05-02 14:31:04,858 _on_message: {"action":"updateControlProps","payload":{"props":[{"i":"page","windowwidth":"500.0"},{"i":"page","windowheight":"345.0"},{"i":"page","windowtop":"191.0"},{"i":"page","windowleft":"433.0"},{"i":"page","windowminimized":"false"},{"i":"page","windowmaximized":"false"},{"i":"page","windowfocused":"false"},{"i":"page","windowfullscreen":"false"}]}}
2023-05-02 14:31:04,859 page.on_event: page change [{"i":"page","windowwidth":"500.0"},{"i":"page","windowheight":"345.0"},{"i":"page","windowtop":"191.0"},{"i":"page","windowleft":"433.0"},{"i":"page","windowminimized":"false"},{"i":"page","windowmaximized":"false"},{"i":"page","windowfocused":"false"},{"i":"page","windowfullscreen":"false"}]
2023-05-02 14:31:04,859 Message size: 108
2023-05-02 14:31:04,860 _on_message: {"action":"pageEventFromWeb","payload":{"eventTarget":"page","eventName":"window_event","eventData":"blur"}}
2023-05-02 14:31:04,874 page.on_event: page window_event blur
2023-05-02 14:31:06,771 _process_command: set ['page'] {'route': '/home', 'windowmaximized': 'true', 'windowvisible': 'true'}
2023-05-02 14:31:06,771 _process_command: remove ['_4', '_69', '_86'] {}
2023-05-02 14:31:06,772 __send: {"action":"pageControlsBatch","payload":[{"action":"updateControlProps","payload":{"props":[{"i":"page","route":"/home","windowmaximized":"true","windowvisible":"true"}]}},{"action":"removeControl","payload":{"ids":["_4","_69","_86"]}}]}
2023-05-02 14:31:06,772 Sent: 241
2023-05-02 14:31:06,772 [Criticial]Routing is not complete. Please check source code.
2023-05-02 14:31:06,774 _process_command: add [] {'to': 'page', 'at': '0'}
2023-05-02 14:31:06,775 __send: {"action":"pageControlsBatch","payload":[{"action":"addPageControls","payload":{"controls":[{"t":"view","i":"_69","p":"page","c":["_70","_82"],"at":"0","bgcolor":"#EAF4F9","padding":"0","route":"/home","spacing":"0"},{"t":"row","i":"_70","p":"_69","c":["_71","_72","_76","_78","_81"],"spacing":"0"},{"t":"container","i":"_71","p":"_70","c":[],"bgcolor":"#0C5473","height":"40","width":"100"},{"t":"container","i":"_72","p":"_70","c":["_73"],"bgcolor":"#FFFFFF","height":"40","padding":"{\"l\":13,\"t\":0,\"r\":0,\"b\":0}","width":"300"},{"t":"row","i":"_73","p":"_72","c":["_74","_75"],"n":"content"},{"t":"text","i":"_74","p":"_73","c":[],"color":"#000000","style":"labelLarge","value":"Activate Simulation"},{"t":"switch","i":"_75","p":"_73","c":[],"activecolor":"0C5473","activetrackcolor":"#F6F6F6","inactivethumbcolor":"#559FBF","inactivetrackcolor":"#FFFFFF","value":"false"},{"t":"container","i":"_76","p":"_70","c":["_77"],"bgcolor":"#FFFFFF","height":"40","padding":"{\"l\":250,\"t\":5,\"r\":0,\"b\":0}","width":"800"},{"t":"text","i":"_77","p":"_76","c":[],"color":"#000000","n":"content","style":"titleSmall","value":"Roscri Studio"},{"t":"container","i":"_78","p":"_70","c":["_79"],"bgcolor":"#FFFFFF","height":"40","padding":"{\"l\":80,\"t\":0,\"r\":0,\"b\":0}","width":"120"},{"t":"row","i":"_79","p":"_78","c":["_80"],"n":"content"},{"t":"icon","i":"_80","p":"_79","c":[],"color":"#0C5473","name":"close_fullscreen_outlined","size":"18"},{"t":"container","i":"_81","p":"_70","c":[],"bgcolor":"#FD5454","expand":"1","height":"40","imagesrc":"C://Users//jacob//Documents//Python//Roscri-Studio//img//Exit.png","onclick":"true","width":"130"},{"t":"row","i":"_82","p":"_69","c":["_83"]},{"t":"container","i":"_83","p":"_82","c":["_84"],"bgcolor":"#EAF4F9","borderradius":"{\"bl\":10,\"br\":10,\"tl\":10,\"tr\":10}","height":"670","margin":"{\"l\":30,\"t\":0,\"r\":25,\"b\":0}","width":"1300"},{"t":"row","i":"_84","p":"_83","c":["_85"],"alignment":"center","n":"content"},{"t":"progressring","i":"_85","p":"_84","c":[]}],"trimIDs":[]}}]}
2023-05-02 14:31:06,776 Sent: 2053
2023-05-02 14:31:06,783 Message size: 82
2023-05-02 14:31:06,796 _on_message: {"action":"updateControlProps","payload":{"props":[{"i":"page","route":"/home"}]}}
2023-05-02 14:31:06,797 page.on_event: page change [{"i":"page","route":"/home"}]
2023-05-02 14:31:06,797 Message size: 109
2023-05-02 14:31:06,798 _on_message: {"action":"pageEventFromWeb","payload":{"eventTarget":"page","eventName":"route_change","eventData":"/home"}}
2023-05-02 14:31:06,799 page.on_event: page route_change /home
2023-05-02 14:31:06,870 Message size: 343
2023-05-02 14:31:06,871 _on_message: {"action":"updateControlProps","payload":{"props":[{"i":"page","windowwidth":"1382.0"},{"i":"page","windowheight":"744.0"},{"i":"page","windowtop":"-8.0"},{"i":"page","windowleft":"-8.0"},{"i":"page","windowminimized":"false"},{"i":"page","windowmaximized":"true"},{"i":"page","windowfocused":"true"},{"i":"page","windowfullscreen":"false"}]}}
2023-05-02 14:31:06,873 page.on_event: page change [{"i":"page","windowwidth":"1382.0"},{"i":"page","windowheight":"744.0"},{"i":"page","windowtop":"-8.0"},{"i":"page","windowleft":"-8.0"},{"i":"page","windowminimized":"false"},{"i":"page","windowmaximized":"true"},{"i":"page","windowfocused":"true"},{"i":"page","windowfullscreen":"false"}]
2023-05-02 14:31:06,874 Message size: 109
2023-05-02 14:31:06,874 _on_message: {"action":"pageEventFromWeb","payload":{"eventTarget":"page","eventName":"window_event","eventData":"focus"}}
2023-05-02 14:31:06,874 page.on_event: page window_event focus
2023-05-02 14:31:06,875 Message size: 343
2023-05-02 14:31:06,875 _on_message: {"action":"updateControlProps","payload":{"props":[{"i":"page","windowwidth":"1382.0"},{"i":"page","windowheight":"744.0"},{"i":"page","windowtop":"-8.0"},{"i":"page","windowleft":"-8.0"},{"i":"page","windowminimized":"false"},{"i":"page","windowmaximized":"true"},{"i":"page","windowfocused":"true"},{"i":"page","windowfullscreen":"false"}]}}
2023-05-02 14:31:06,877 page.on_event: page change [{"i":"page","windowwidth":"1382.0"},{"i":"page","windowheight":"744.0"},{"i":"page","windowtop":"-8.0"},{"i":"page","windowleft":"-8.0"},{"i":"page","windowminimized":"false"},{"i":"page","windowmaximized":"true"},{"i":"page","windowfocused":"true"},{"i":"page","windowfullscreen":"false"}]
2023-05-02 14:31:06,877 Message size: 109
2023-05-02 14:31:06,877 _on_message: {"action":"pageEventFromWeb","payload":{"eventTarget":"page","eventName":"window_event","eventData":"focus"}}
2023-05-02 14:31:06,880 page.on_event: page window_event focus
2023-05-02 14:31:06,880 Message size: 343
2023-05-02 14:31:06,881 _on_message: {"action":"updateControlProps","payload":{"props":[{"i":"page","windowwidth":"1382.0"},{"i":"page","windowheight":"744.0"},{"i":"page","windowtop":"-8.0"},{"i":"page","windowleft":"-8.0"},{"i":"page","windowminimized":"false"},{"i":"page","windowmaximized":"true"},{"i":"page","windowfocused":"true"},{"i":"page","windowfullscreen":"false"}]}}
2023-05-02 14:31:06,881 page.on_event: page change [{"i":"page","windowwidth":"1382.0"},{"i":"page","windowheight":"744.0"},{"i":"page","windowtop":"-8.0"},{"i":"page","windowleft":"-8.0"},{"i":"page","windowminimized":"false"},{"i":"page","windowmaximized":"true"},{"i":"page","windowfocused":"true"},{"i":"page","windowfullscreen":"false"}]
2023-05-02 14:31:06,882 Message size: 112
2023-05-02 14:31:06,882 _on_message: {"action":"pageEventFromWeb","payload":{"eventTarget":"page","eventName":"window_event","eventData":"maximize"}}
2023-05-02 14:31:06,883 page.on_event: page window_event maximize
2023-05-02 14:31:06,884 Message size: 343
2023-05-02 14:31:06,884 _on_message: {"action":"updateControlProps","payload":{"props":[{"i":"page","windowwidth":"1382.0"},{"i":"page","windowheight":"744.0"},{"i":"page","windowtop":"-8.0"},{"i":"page","windowleft":"-8.0"},{"i":"page","windowminimized":"false"},{"i":"page","windowmaximized":"true"},{"i":"page","windowfocused":"true"},{"i":"page","windowfullscreen":"false"}]}}
2023-05-02 14:31:06,885 page.on_event: page change [{"i":"page","windowwidth":"1382.0"},{"i":"page","windowheight":"744.0"},{"i":"page","windowtop":"-8.0"},{"i":"page","windowleft":"-8.0"},{"i":"page","windowminimized":"false"},{"i":"page","windowmaximized":"true"},{"i":"page","windowfocused":"true"},{"i":"page","windowfullscreen":"false"}]
2023-05-02 14:31:06,885 Message size: 112
2023-05-02 14:31:06,885 _on_message: {"action":"pageEventFromWeb","payload":{"eventTarget":"page","eventName":"window_event","eventData":"maximize"}}
2023-05-02 14:31:06,887 page.on_event: page window_event maximize
2023-05-02 14:31:07,152 Message size: 403
2023-05-02 14:31:07,152 _on_message: {"action":"updateControlProps","payload":{"props":[{"i":"page","width":"1366.0"},{"i":"page","height":"728.0"},{"i":"page","windowwidth":"1382.0"},{"i":"page","windowheight":"744.0"},{"i":"page","windowtop":"-8.0"},{"i":"page","windowleft":"-8.0"},{"i":"page","windowminimized":"false"},{"i":"page","windowmaximized":"true"},{"i":"page","windowfocused":"true"},{"i":"page","windowfullscreen":"false"}]}}
2023-05-02 14:31:07,153 page.on_event: page change [{"i":"page","width":"1366.0"},{"i":"page","height":"728.0"},{"i":"page","windowwidth":"1382.0"},{"i":"page","windowheight":"744.0"},{"i":"page","windowtop":"-8.0"},{"i":"page","windowleft":"-8.0"},{"i":"page","windowminimized":"false"},{"i":"page","windowmaximized":"true"},{"i":"page","windowfocused":"true"},{"i":"page","windowfullscreen":"false"}]
2023-05-02 14:31:07,153 Message size: 110
2023-05-02 14:31:07,153 _on_message: {"action":"pageEventFromWeb","payload":{"eventTarget":"page","eventName":"resize","eventData":"1366.0,728.0"}}
2023-05-02 14:31:07,154 page.on_event: page resize 1366.0,728.0
2023-05-02 14:31:07,154 Message size: 403
2023-05-02 14:31:07,154 _on_message: {"action":"updateControlProps","payload":{"props":[{"i":"page","width":"1366.0"},{"i":"page","height":"728.0"},{"i":"page","windowwidth":"1382.0"},{"i":"page","windowheight":"744.0"},{"i":"page","windowtop":"-8.0"},{"i":"page","windowleft":"-8.0"},{"i":"page","windowminimized":"false"},{"i":"page","windowmaximized":"true"},{"i":"page","windowfocused":"true"},{"i":"page","windowfullscreen":"false"}]}}
2023-05-02 14:31:07,155 page.on_event: page change [{"i":"page","width":"1366.0"},{"i":"page","height":"728.0"},{"i":"page","windowwidth":"1382.0"},{"i":"page","windowheight":"744.0"},{"i":"page","windowtop":"-8.0"},{"i":"page","windowleft":"-8.0"},{"i":"page","windowminimized":"false"},{"i":"page","windowmaximized":"true"},{"i":"page","windowfocused":"true"},{"i":"page","windowfullscreen":"false"}]
2023-05-02 14:31:07,155 Message size: 110
2023-05-02 14:31:07,155 _on_message: {"action":"pageEventFromWeb","payload":{"eventTarget":"page","eventName":"resize","eventData":"1366.0,728.0"}}
2023-05-02 14:31:07,155 page.on_event: page resize 1366.0,728.0
2023-05-02 14:31:07,189 Message size: 403
2023-05-02 14:31:07,189 _on_message: {"action":"updateControlProps","payload":{"props":[{"i":"page","width":"1366.0"},{"i":"page","height":"728.0"},{"i":"page","windowwidth":"1382.0"},{"i":"page","windowheight":"744.0"},{"i":"page","windowtop":"-8.0"},{"i":"page","windowleft":"-8.0"},{"i":"page","windowminimized":"false"},{"i":"page","windowmaximized":"true"},{"i":"page","windowfocused":"true"},{"i":"page","windowfullscreen":"false"}]}}
2023-05-02 14:31:07,190 page.on_event: page change [{"i":"page","width":"1366.0"},{"i":"page","height":"728.0"},{"i":"page","windowwidth":"1382.0"},{"i":"page","windowheight":"744.0"},{"i":"page","windowtop":"-8.0"},{"i":"page","windowleft":"-8.0"},{"i":"page","windowminimized":"false"},{"i":"page","windowmaximized":"true"},{"i":"page","windowfocused":"true"},{"i":"page","windowfullscreen":"false"}]
2023-05-02 14:31:07,190 Message size: 110
2023-05-02 14:31:07,190 _on_message: {"action":"pageEventFromWeb","payload":{"eventTarget":"page","eventName":"resize","eventData":"1366.0,728.0"}}
2023-05-02 14:31:07,190 page.on_event: page resize 1366.0,728.0
2023-05-02 14:31:15,163 Message size: 344
2023-05-02 14:31:15,163 _on_message: {"action":"updateControlProps","payload":{"props":[{"i":"page","windowwidth":"1382.0"},{"i":"page","windowheight":"744.0"},{"i":"page","windowtop":"-8.0"},{"i":"page","windowleft":"-8.0"},{"i":"page","windowminimized":"false"},{"i":"page","windowmaximized":"true"},{"i":"page","windowfocused":"false"},{"i":"page","windowfullscreen":"false"}]}}
2023-05-02 14:31:15,166 page.on_event: page change [{"i":"page","windowwidth":"1382.0"},{"i":"page","windowheight":"744.0"},{"i":"page","windowtop":"-8.0"},{"i":"page","windowleft":"-8.0"},{"i":"page","windowminimized":"false"},{"i":"page","windowmaximized":"true"},{"i":"page","windowfocused":"false"},{"i":"page","windowfullscreen":"false"}]
2023-05-02 14:31:15,167 Message size: 108
2023-05-02 14:31:15,167 _on_message: {"action":"pageEventFromWeb","payload":{"eventTarget":"page","eventName":"window_event","eventData":"blur"}}
2023-05-02 14:31:15,167 page.on_event: page window_event blur
2023-05-02 14:34:32,635 Message size: 343
2023-05-02 14:34:32,637 _on_message: {"action":"updateControlProps","payload":{"props":[{"i":"page","windowwidth":"1382.0"},{"i":"page","windowheight":"744.0"},{"i":"page","windowtop":"-8.0"},{"i":"page","windowleft":"-8.0"},{"i":"page","windowminimized":"false"},{"i":"page","windowmaximized":"true"},{"i":"page","windowfocused":"true"},{"i":"page","windowfullscreen":"false"}]}}
2023-05-02 14:34:32,648 page.on_event: page change [{"i":"page","windowwidth":"1382.0"},{"i":"page","windowheight":"744.0"},{"i":"page","windowtop":"-8.0"},{"i":"page","windowleft":"-8.0"},{"i":"page","windowminimized":"false"},{"i":"page","windowmaximized":"true"},{"i":"page","windowfocused":"true"},{"i":"page","windowfullscreen":"false"}]
2023-05-02 14:34:32,648 Message size: 109
2023-05-02 14:34:32,648 _on_message: {"action":"pageEventFromWeb","payload":{"eventTarget":"page","eventName":"window_event","eventData":"focus"}}
2023-05-02 14:34:32,654 page.on_event: page window_event focus
2023-05-02 14:34:33,284 Message size: 145
2023-05-02 14:34:33,284 _on_message: {"action":"pageEventFromWeb","payload":{"eventTarget":"_81","eventName":"click","eventData":"{\"lx\":36.0,\"ly\":0.0,\"gx\":1356.0,\"gy\":0.0}"}}
2023-05-02 14:34:33,285 page.on_event: _81 click {"lx":36.0,"ly":0.0,"gx":1356.0,"gy":0.0}
2023-05-02 14:34:33,288 _process_command: set ['page'] {'windowdestroy': 'true'}
2023-05-02 14:34:33,289 __send: {"action":"pageControlsBatch","payload":[{"action":"updateControlProps","payload":{"props":[{"i":"page","windowdestroy":"true"}]}}]}
2023-05-02 14:34:33,289 Sent: 136
2023-05-02 14:34:33,447 Closing connection...
2023-05-02 14:34:33,448 Flet View process 4628
